<?xml version="1.0" encoding="UTF-8"?>
<testng-results skipped="0" failed="0" ignored="4" total="7" passed="3">
  <reporter-output>
  </reporter-output>
  <suite name="Suite" duration-ms="22909" started-at="2020-07-15T16:37:56 IST" finished-at="2020-07-15T16:38:19 IST">
    <groups>
    </groups>
    <test name="Test" duration-ms="22909" started-at="2020-07-15T16:37:56 IST" finished-at="2020-07-15T16:38:19 IST">
      <class name="com.testCases.Test3">
        <test-method status="PASS" signature="testCase3()[pri:0, instance:com.testCases.Test3@1d16f93d]" name="testCase3" duration-ms="7338" started-at="2020-07-15T16:38:12 IST" finished-at="2020-07-15T16:38:19 IST">
          <reporter-output>
          </reporter-output>
        </test-method> <!-- testCase3 -->
      </class> <!-- com.testCases.Test3 -->
      <class name="com.testCases.Test2">
        <test-method status="PASS" signature="testCase2()[pri:0, instance:com.testCases.Test2@6325a3ee]" name="testCase2" duration-ms="7213" started-at="2020-07-15T16:38:04 IST" finished-at="2020-07-15T16:38:12 IST">
          <reporter-output>
          </reporter-output>
        </test-method> <!-- testCase2 -->
      </class> <!-- com.testCases.Test2 -->
      <class name="com.testCases.Test1">
        <test-method status="PASS" signature="OpenBrowser()[pri:0, instance:com.testCases.Test1@3a5ed7a6]" name="OpenBrowser" is-config="true" duration-ms="3883" started-at="2020-07-15T16:37:52 IST" finished-at="2020-07-15T16:37:56 IST">
          <reporter-output>
          </reporter-output>
        </test-method> <!-- OpenBrowser -->
        <test-method status="PASS" signature="testCase1()[pri:0, instance:com.testCases.Test1@3a5ed7a6]" name="testCase1" duration-ms="8320" started-at="2020-07-15T16:37:56 IST" finished-at="2020-07-15T16:38:04 IST">
          <reporter-output>
          </reporter-output>
        </test-method> <!-- testCase1 -->
        <test-method status="PASS" signature="CloseBrowser()[pri:0, instance:com.testCases.Test1@3a5ed7a6]" name="CloseBrowser" is-config="true" duration-ms="128" started-at="2020-07-15T16:38:19 IST" finished-at="2020-07-15T16:38:19 IST">
          <reporter-output>
          </reporter-output>
        </test-method> <!-- CloseBrowser -->
      </class> <!-- com.testCases.Test1 -->
    </test> <!-- Test -->
  </suite> <!-- Suite -->
</testng-results>
