<?xml version="1.0" encoding="UTF-8"?>
<!-- Generated by org.testng.reporters.JUnitXMLReporter -->
<testsuite hostname="shubhagg-mac" ignored="0" name="Test" tests="4" failures="0" timestamp="17 Jul 2020 09:46:03 GMT" time="0.044" errors="0">
  <testcase name="testCase3" time="0.01" classname="testCases.Test2"/>
  <testcase name="testCase4" time="0.001" classname="testCases.Test2"/>
  <testcase name="testCase1" time="0.001" classname="testCases.Test1"/>
  <testcase name="testCase2" time="0.001" classname="testCases.Test1"/>
</testsuite> <!-- Test -->
