<?xml version="1.0" encoding="UTF-8"?>
<!-- Generated by org.testng.reporters.JUnitXMLReporter -->
<testsuite hostname="shubhagg-mac" ignored="4" name="Test" tests="3" failures="0" timestamp="2020-07-15T16:38:19 IST" time="22.909" errors="0">
  <testcase name="testCase1" time="8.32" classname="com.testCases.Test1"/>
  <testcase name="testCase2" time="7.213" classname="com.testCases.Test2"/>
  <testcase name="testCase3" time="7.338" classname="com.testCases.Test3"/>
  <testcase name="@BeforeSuite OpenBrowser" time="0.0" classname="com.testBase.TestBase">
    <ignored/>
  </testcase> <!-- @BeforeSuite OpenBrowser -->
  <testcase name="@BeforeSuite OpenBrowser" time="0.0" classname="com.testBase.TestBase">
    <ignored/>
  </testcase> <!-- @BeforeSuite OpenBrowser -->
  <testcase name="@AfterSuite CloseBrowser" time="0.0" classname="com.testBase.TestBase">
    <ignored/>
  </testcase> <!-- @AfterSuite CloseBrowser -->
  <testcase name="@AfterSuite CloseBrowser" time="0.0" classname="com.testBase.TestBase">
    <ignored/>
  </testcase> <!-- @AfterSuite CloseBrowser -->
</testsuite> <!-- Test -->
