<?xml version="1.0" encoding="UTF-8"?>
<!-- Generated by org.testng.reporters.JUnitXMLReporter -->
<testsuite hostname="shubhagg-mac" ignored="0" name="Test" tests="3" failures="0" timestamp="2020-07-14T12:28:25 IST" time="22.382" errors="0">
  <testcase name="workWithBrow" time="9.008" classname="com.testCasesForAmazon.Test3"/>
  <testcase name="workWithBrow" time="6.558" classname="com.testCasesForAmazon.Test2"/>
  <testcase name="workWithBrow" time="6.761" classname="com.testCasesForAmazon.Test1"/>
</testsuite> <!-- Test -->
