<?xml version="1.0" encoding="UTF-8"?>
<testng-results skipped="0" failed="0" ignored="0" total="1" passed="1">
  <reporter-output>
  </reporter-output>
  <suite name="Default suite" duration-ms="4589" started-at="2020-07-17T16:57:15 IST" finished-at="2020-07-17T16:57:20 IST">
    <groups>
    </groups>
    <test name="Default test" duration-ms="4589" started-at="2020-07-17T16:57:15 IST" finished-at="2020-07-17T16:57:20 IST">
      <class name="com.seleniumConcepts.WorkWithAlert">
        <test-method status="PASS" signature="workWithBrow()[pri:0, instance:com.seleniumConcepts.WorkWithAlert@3dd4520b]" name="workWithBrow" duration-ms="4552" started-at="2020-07-17T16:57:15 IST" finished-at="2020-07-17T16:57:20 IST">
          <reporter-output>
          </reporter-output>
        </test-method> <!-- workWithBrow -->
      </class> <!-- com.seleniumConcepts.WorkWithAlert -->
    </test> <!-- Default test -->
  </suite> <!-- Default suite -->
</testng-results>
